2021-01-03 18:34:14,746 DEBUG    root            Loaded Command Group: ['gcloud', 'init']
2021-01-03 18:34:14,748 DEBUG    root            Running [gcloud.init] with arguments: []
2021-01-03 18:34:14,748 INFO     ___FILE_ONLY___ Welcome! This command will take you through the configuration of gcloud.


2021-01-03 18:34:14,754 INFO     ___FILE_ONLY___ Your current configuration has been set to: [default]


2021-01-03 18:34:14,754 INFO     ___FILE_ONLY___ You can skip diagnostics next time by using the following flag:

2021-01-03 18:34:14,754 INFO     ___FILE_ONLY___   gcloud init --skip-diagnostics


2021-01-03 18:34:14,754 INFO     ___FILE_ONLY___ Network diagnostic detects and fixes local network connection issues.

2021-01-03 18:34:14,756 INFO     ___FILE_ONLY___ Checking network connection...
2021-01-03 18:34:20,278 DEBUG    urllib3.connectionpool Starting new HTTPS connection (1): accounts.google.com:443
2021-01-03 18:34:20,499 DEBUG    urllib3.connectionpool https://accounts.google.com:443 "GET / HTTP/1.1" 302 338
2021-01-03 18:34:20,643 DEBUG    urllib3.connectionpool https://accounts.google.com:443 "GET /ServiceLogin?passive=1209600&continue=https%3A%2F%2Faccounts.google.com%2F&followup=https%3A%2F%2Faccounts.google.com%2F HTTP/1.1" 200 None
2021-01-03 18:34:20,776 DEBUG    urllib3.connectionpool Starting new HTTPS connection (1): cloudresourcemanager.googleapis.com:443
2021-01-03 18:34:21,118 DEBUG    urllib3.connectionpool https://cloudresourcemanager.googleapis.com:443 "GET /v1beta1/projects HTTP/1.1" 401 None
2021-01-03 18:34:21,129 DEBUG    urllib3.connectionpool Starting new HTTPS connection (1): www.googleapis.com:443
2021-01-03 18:34:21,355 DEBUG    urllib3.connectionpool https://www.googleapis.com:443 "GET /auth/cloud-platform HTTP/1.1" 200 None
2021-01-03 18:34:21,360 DEBUG    urllib3.connectionpool Starting new HTTPS connection (1): dl.google.com:443
2021-01-03 18:34:32,551 DEBUG    urllib3.connectionpool https://dl.google.com:443 "GET /dl/cloudsdk/channels/rapid/components-2.json HTTP/1.1" 200 146072
2021-01-03 18:34:32,835 INFO     ___FILE_ONLY___ Reachability Check passed.

2021-01-03 18:34:32,836 INFO     ___FILE_ONLY___ Network diagnostic passed (1/1 checks passed).


2021-01-03 18:34:49,274 DEBUG    root            Loaded Command Group: ['gcloud', 'auth']
2021-01-03 18:34:49,493 DEBUG    root            Loaded Command Group: ['gcloud', 'auth', 'login']
2021-01-03 18:34:49,495 INFO     root            Executing: [gcloud auth login --force --brief]
2021-01-03 18:34:49,497 DEBUG    root            Running [gcloud.auth.login] with arguments: [--brief: "True", --force: "True"]
2021-01-03 18:34:49,509 DEBUG    requests_oauthlib.oauth2_session Generated new state FXXZyuaEiO1NPp6U9WqwDYgscRuT9m.
2021-01-03 18:34:49,848 INFO     ___FILE_ONLY___ Your browser has been opened to visit:

    https://accounts.google.com/o/oauth2/auth?response_type=code&client_id=32555940559.apps.googleusercontent.com&redirect_uri=http%3A%2F%2Flocalhost%3A8085%2F&scope=openid+https%3A%2F%2Fwww.googleapis.com%2Fauth%2Fuserinfo.email+https%3A%2F%2Fwww.googleapis.com%2Fauth%2Fcloud-platform+https%3A%2F%2Fwww.googleapis.com%2Fauth%2Fappengine.admin+https%3A%2F%2Fwww.googleapis.com%2Fauth%2Fcompute+https%3A%2F%2Fwww.googleapis.com%2Fauth%2Faccounts.reauth&state=FXXZyuaEiO1NPp6U9WqwDYgscRuT9m&access_type=offline&code_challenge=OE8p7miz4ehn5LGsw4OXUV833PT7CRWFsbO53e79FzY&code_challenge_method=S256


2021-01-03 18:34:57,042 INFO     google_auth_oauthlib.flow "GET /?state=FXXZyuaEiO1NPp6U9WqwDYgscRuT9m&code=4/0AY0e-g78wPWdhJSDKhFyNpzNbhg6ZU3hOCmgVa-fjub_so1vc5vMlBlw2s7qqk-SPdnfjw&scope=email%20openid%20https://www.googleapis.com/auth/userinfo.email%20https://www.googleapis.com/auth/cloud-platform%20https://www.googleapis.com/auth/appengine.admin%20https://www.googleapis.com/auth/compute%20https://www.googleapis.com/auth/accounts.reauth&authuser=1&prompt=consent HTTP/1.1" 200 959
2021-01-03 18:34:57,044 DEBUG    requests_oauthlib.oauth2_session Requesting url https://oauth2.googleapis.com/token using method POST.
2021-01-03 18:34:57,044 DEBUG    requests_oauthlib.oauth2_session Supplying headers {b'Accept': b'application/json', b'Content-Type': b'application/x-www-form-urlencoded;charset=UTF-8', b'user-agent': b'google-cloud-sdk gcloud/321.0.0 command/gcloud.auth.login invocation-id/4c19276a3fb2478da1dc529f7033c7a1 environment/None environment-version/None interactive/True from-script/False python/3.9.1 term/xterm-256color (Macintosh; Intel Mac OS X 20.2.0)'} and data {'grant_type': 'authorization_code', 'client_id': '32555940559.apps.googleusercontent.com', 'client_secret': 'ZmssLNjJy2998hD4CTg2ejr2', 'code': '4/0AY0e-g78wPWdhJSDKhFyNpzNbhg6ZU3hOCmgVa-fjub_so1vc5vMlBlw2s7qqk-SPdnfjw', 'redirect_uri': 'http://localhost:8085/', 'code_verifier': 'wc5w5AFlIXDk~-pfo0eQ3tZ.b7rMCiw.BipxlcRuyton1DrD22QhZvMQBGYN6ccW~cWFmwdj5cGmQXFZcIN5A7UaLlLFo1fF7GQMSVdBfsCgYHuk3QnryY~ynkGCq8Vc'}
2021-01-03 18:34:57,044 DEBUG    requests_oauthlib.oauth2_session Passing through key word arguments {'json': None, 'timeout': None, 'auth': None, 'verify': True, 'proxies': None}.
2021-01-03 18:34:57,111 DEBUG    urllib3.connectionpool Starting new HTTPS connection (1): oauth2.googleapis.com:443
2021-01-03 18:34:57,431 DEBUG    urllib3.connectionpool https://oauth2.googleapis.com:443 "POST /token HTTP/1.1" 200 None
2021-01-03 18:34:57,435 DEBUG    requests_oauthlib.oauth2_session Prepared fetch token request body grant_type=authorization_code&client_id=32555940559.apps.googleusercontent.com&client_secret=ZmssLNjJy2998hD4CTg2ejr2&code=4%2F0AY0e-g78wPWdhJSDKhFyNpzNbhg6ZU3hOCmgVa-fjub_so1vc5vMlBlw2s7qqk-SPdnfjw&redirect_uri=http%3A%2F%2Flocalhost%3A8085%2F&code_verifier=wc5w5AFlIXDk~-pfo0eQ3tZ.b7rMCiw.BipxlcRuyton1DrD22QhZvMQBGYN6ccW~cWFmwdj5cGmQXFZcIN5A7UaLlLFo1fF7GQMSVdBfsCgYHuk3QnryY~ynkGCq8Vc
2021-01-03 18:34:57,435 DEBUG    requests_oauthlib.oauth2_session Request to fetch token completed with status 200.
2021-01-03 18:34:57,436 DEBUG    requests_oauthlib.oauth2_session Request headers were {'user-agent': b'google-cloud-sdk gcloud/321.0.0 command/gcloud.auth.login invocation-id/4c19276a3fb2478da1dc529f7033c7a1 environment/None environment-version/None interactive/True from-script/False python/3.9.1 term/xterm-256color (Macintosh; Intel Mac OS X 20.2.0)', 'Accept-Encoding': 'gzip, deflate', 'Accept': b'application/json', 'Connection': 'keep-alive', 'Content-Type': b'application/x-www-form-urlencoded;charset=UTF-8', 'Content-Length': '387'}
2021-01-03 18:34:57,436 DEBUG    requests_oauthlib.oauth2_session Request body was grant_type=authorization_code&client_id=32555940559.apps.googleusercontent.com&client_secret=ZmssLNjJy2998hD4CTg2ejr2&code=4%2F0AY0e-g78wPWdhJSDKhFyNpzNbhg6ZU3hOCmgVa-fjub_so1vc5vMlBlw2s7qqk-SPdnfjw&redirect_uri=http%3A%2F%2Flocalhost%3A8085%2F&code_verifier=wc5w5AFlIXDk~-pfo0eQ3tZ.b7rMCiw.BipxlcRuyton1DrD22QhZvMQBGYN6ccW~cWFmwdj5cGmQXFZcIN5A7UaLlLFo1fF7GQMSVdBfsCgYHuk3QnryY~ynkGCq8Vc
2021-01-03 18:34:57,436 DEBUG    requests_oauthlib.oauth2_session Response headers were {'Expires': 'Mon, 01 Jan 1990 00:00:00 GMT', 'Pragma': 'no-cache', 'Date': 'Sun, 03 Jan 2021 11:34:57 GMT', 'Cache-Control': 'no-cache, no-store, max-age=0, must-revalidate', 'Content-Type': 'application/json; charset=utf-8', 'Vary': 'Origin, X-Origin, Referer', 'Content-Encoding': 'gzip', 'Server': 'scaffolding on HTTPServer2', 'X-XSS-Protection': '0', 'X-Frame-Options': 'SAMEORIGIN', 'X-Content-Type-Options': 'nosniff', 'Alt-Svc': 'h3-29=":443"; ma=2592000,h3-T051=":443"; ma=2592000,h3-Q050=":443"; ma=2592000,h3-Q046=":443"; ma=2592000,h3-Q043=":443"; ma=2592000,quic=":443"; ma=2592000; v="46,43"', 'Transfer-Encoding': 'chunked'} and content {
  "access_token": "ya29.a0AfH6SMANkcTskGl4KfojLy9PfrpCvUKsPTZa_WOfzFUF4t1gGXxFF8MQ1oiLFHD4vXyP5DmH0LdcD8ek5FB4XgNt5gSjMqiakZceVdailbmAqUbKB40SHN15UmZVnZJDCgeKrYMmBNyTodz4VYr3_A4e66jFqrJUWawbgcrrP4VYYt3pIu0",
  "expires_in": 3599,
  "refresh_token": "1//0elegcp7dk_wfCgYIARAAGA4SNwF-L9IrT7lmgSSd9qE11XVlz80WINGWbfJrGM1CFfqxehEeVEN3yUSHiI1EJR0wwcEFOONZ0-4",
  "scope": "openid https://www.googleapis.com/auth/userinfo.email https://www.googleapis.com/auth/compute https://www.googleapis.com/auth/accounts.reauth https://www.googleapis.com/auth/cloud-platform https://www.googleapis.com/auth/appengine.admin",
  "token_type": "Bearer",
  "id_token": "eyJhbGciOiJSUzI1NiIsImtpZCI6IjI2MTI5YmE1NDNjNTZlOWZiZDUzZGZkY2I3Nzg5ZjhiZjhmMWExYTEiLCJ0eXAiOiJKV1QifQ.eyJpc3MiOiJodHRwczovL2FjY291bnRzLmdvb2dsZS5jb20iLCJhenAiOiIzMjU1NTk0MDU1OS5hcHBzLmdvb2dsZXVzZXJjb250ZW50LmNvbSIsImF1ZCI6IjMyNTU1OTQwNTU5LmFwcHMuZ29vZ2xldXNlcmNvbnRlbnQuY29tIiwic3ViIjoiMTEyNDYzNDIxOTA2ODM4MDg0NDI4IiwiZW1haWwiOiJsaXVnb25kYXJAZ21haWwuY29tIiwiZW1haWxfdmVyaWZpZWQiOnRydWUsImF0X2hhc2giOiJWU0kyZ0ItWFNuZl9Yd2dFYmNqU2h3IiwiaWF0IjoxNjA5NjczNjk3LCJleHAiOjE2MDk2NzcyOTd9.dcvs2J0PR1oOb6I0P58hnFLEkp2s0dbTC1AZjvSTT2sExmDDvBCwKNLqztabNID2RZStKdEWhiFqE39gXcjFZjLAx6nCYw7pMIaRjLoK0dmpATAUcrLDde3EMlmcECAGkHYWpnoGjBEJ1gddiepwibvp8q_CLSc1TJw8ZKpgzxrgbmI5Ef6wbFavkpGGc6hlAqqzk7OQj6hBVxacWgzx3zgcd6lfAOkSw_5-ib6hXTE6VFDT9X3h63OoIMaHw3mr6U-N_ZnXkP7HEEsQfQq7YbEd9zbarBPTpSpSAeelL4bBL3CWOwHQ43AWDq6bjnB-qTW7QHQc5c4gW04qEg53HQ"
}.
2021-01-03 18:34:57,436 DEBUG    requests_oauthlib.oauth2_session Invoking 0 token response hooks.
2021-01-03 18:34:57,437 DEBUG    requests_oauthlib.oauth2_session Obtained token {'access_token': 'ya29.a0AfH6SMANkcTskGl4KfojLy9PfrpCvUKsPTZa_WOfzFUF4t1gGXxFF8MQ1oiLFHD4vXyP5DmH0LdcD8ek5FB4XgNt5gSjMqiakZceVdailbmAqUbKB40SHN15UmZVnZJDCgeKrYMmBNyTodz4VYr3_A4e66jFqrJUWawbgcrrP4VYYt3pIu0', 'expires_in': 3599, 'refresh_token': '1//0elegcp7dk_wfCgYIARAAGA4SNwF-L9IrT7lmgSSd9qE11XVlz80WINGWbfJrGM1CFfqxehEeVEN3yUSHiI1EJR0wwcEFOONZ0-4', 'scope': ['openid', 'https://www.googleapis.com/auth/userinfo.email', 'https://www.googleapis.com/auth/compute', 'https://www.googleapis.com/auth/accounts.reauth', 'https://www.googleapis.com/auth/cloud-platform', 'https://www.googleapis.com/auth/appengine.admin'], 'token_type': 'Bearer', 'id_token': 'eyJhbGciOiJSUzI1NiIsImtpZCI6IjI2MTI5YmE1NDNjNTZlOWZiZDUzZGZkY2I3Nzg5ZjhiZjhmMWExYTEiLCJ0eXAiOiJKV1QifQ.eyJpc3MiOiJodHRwczovL2FjY291bnRzLmdvb2dsZS5jb20iLCJhenAiOiIzMjU1NTk0MDU1OS5hcHBzLmdvb2dsZXVzZXJjb250ZW50LmNvbSIsImF1ZCI6IjMyNTU1OTQwNTU5LmFwcHMuZ29vZ2xldXNlcmNvbnRlbnQuY29tIiwic3ViIjoiMTEyNDYzNDIxOTA2ODM4MDg0NDI4IiwiZW1haWwiOiJsaXVnb25kYXJAZ21haWwuY29tIiwiZW1haWxfdmVyaWZpZWQiOnRydWUsImF0X2hhc2giOiJWU0kyZ0ItWFNuZl9Yd2dFYmNqU2h3IiwiaWF0IjoxNjA5NjczNjk3LCJleHAiOjE2MDk2NzcyOTd9.dcvs2J0PR1oOb6I0P58hnFLEkp2s0dbTC1AZjvSTT2sExmDDvBCwKNLqztabNID2RZStKdEWhiFqE39gXcjFZjLAx6nCYw7pMIaRjLoK0dmpATAUcrLDde3EMlmcECAGkHYWpnoGjBEJ1gddiepwibvp8q_CLSc1TJw8ZKpgzxrgbmI5Ef6wbFavkpGGc6hlAqqzk7OQj6hBVxacWgzx3zgcd6lfAOkSw_5-ib6hXTE6VFDT9X3h63OoIMaHw3mr6U-N_ZnXkP7HEEsQfQq7YbEd9zbarBPTpSpSAeelL4bBL3CWOwHQ43AWDq6bjnB-qTW7QHQc5c4gW04qEg53HQ', 'expires_at': 1609677296.437192}.
2021-01-03 18:34:57,466 INFO     root            Display format: "none"
2021-01-03 18:34:57,735 DEBUG    root            Checking for updates...
2021-01-03 18:34:58,322 DEBUG    root            Updating notification cache...
2021-01-03 18:34:58,326 INFO     ___FILE_ONLY___ You are logged in as: [liugondar@gmail.com].


2021-01-03 18:35:30,877 INFO     ___FILE_ONLY___ Your current project has been set to: [bowie-272421].


2021-01-03 18:35:31,066 DEBUG    root            Loaded Command Group: ['gcloud', 'compute']
2021-01-03 18:35:31,072 DEBUG    root            Loaded Command Group: ['gcloud', 'compute', 'project_info']
2021-01-03 18:35:31,111 DEBUG    root            Loaded Command Group: ['gcloud', 'compute', 'project-info', 'describe']
2021-01-03 18:35:31,112 INFO     root            Executing: [gcloud compute project-info describe --quiet]
2021-01-03 18:35:31,116 DEBUG    root            Running [gcloud.compute.project-info.describe] with arguments: [--no-user-output-enabled: "false", --quiet: "True", --verbosity: "none"]
2021-01-03 18:35:32,253 DEBUG    root            (gcloud.compute.project-info.describe) HTTPError 403: Access Not Configured. Compute Engine API has not been used in project 917773551545 before or it is disabled. Enable it by visiting https://console.developers.google.com/apis/api/compute.googleapis.com/overview?project=917773551545 then retry. If you enabled this API recently, wait a few minutes for the action to propagate to our systems and retry.
Traceback (most recent call last):
  File "/Users/dinhmai/Documents/google-cloud-sdk/lib/googlecloudsdk/calliope/cli.py", line 982, in Execute
    resources = calliope_command.Run(cli=self, args=args)
  File "/Users/dinhmai/Documents/google-cloud-sdk/lib/googlecloudsdk/calliope/backend.py", line 809, in Run
    resources = command_instance.Run(args)
  File "/Users/dinhmai/Documents/google-cloud-sdk/lib/surface/compute/project_info/describe.py", line 37, in Run
    return client.MakeRequests([(client.apitools_client.projects, 'Get',
  File "/Users/dinhmai/Documents/google-cloud-sdk/lib/googlecloudsdk/api_lib/compute/client_adapter.py", line 91, in MakeRequests
    objects = list(
  File "/Users/dinhmai/Documents/google-cloud-sdk/lib/googlecloudsdk/api_lib/compute/request_helper.py", line 271, in MakeRequests
    responses, new_errors = batch_helper.MakeRequests(
  File "/Users/dinhmai/Documents/google-cloud-sdk/lib/googlecloudsdk/api_lib/compute/batch_helper.py", line 104, in MakeRequests
    responses = batch_request.Execute(
  File "/Users/dinhmai/Documents/google-cloud-sdk/./lib/third_party/apitools/base/py/batch.py", line 226, in Execute
    batch_http_request.Execute(http)
  File "/Users/dinhmai/Documents/google-cloud-sdk/./lib/third_party/apitools/base/py/batch.py", line 506, in Execute
    self.__callback(response, exception)
  File "/Users/dinhmai/Documents/google-cloud-sdk/lib/googlecloudsdk/api_lib/compute/batch_helper.py", line 72, in BatchCheck
    apis.PromptToEnableApi(project, service_token, exception,
  File "/Users/dinhmai/Documents/google-cloud-sdk/lib/googlecloudsdk/api_lib/util/apis.py", line 247, in PromptToEnableApi
    raise exception
googlecloudsdk.api_lib.util.exceptions.HttpException: HTTPError 403: Access Not Configured. Compute Engine API has not been used in project 917773551545 before or it is disabled. Enable it by visiting https://console.developers.google.com/apis/api/compute.googleapis.com/overview?project=917773551545 then retry. If you enabled this API recently, wait a few minutes for the action to propagate to our systems and retry.
2021-01-03 18:35:32,261 ERROR    root            (gcloud.compute.project-info.describe) HTTPError 403: Access Not Configured. Compute Engine API has not been used in project 917773551545 before or it is disabled. Enable it by visiting https://console.developers.google.com/apis/api/compute.googleapis.com/overview?project=917773551545 then retry. If you enabled this API recently, wait a few minutes for the action to propagate to our systems and retry.
2021-01-03 18:35:32,261 INFO     root            [compute project-info describe --quiet] has failed

2021-01-03 18:35:32,261 INFO     ___FILE_ONLY___ Not setting default zone/region (this feature makes it easier to use
[gcloud compute] by setting an appropriate default value for the
--zone and --region flag).
See https://cloud.google.com/compute/docs/gcloud-compute section on how to set
default compute region and zone manually. If you would like [gcloud init] to be
able to do this for you the next time you run it, make sure the
Compute Engine API is enabled for your project on the
https://console.developers.google.com/apis page.


2021-01-03 18:35:32,262 DEBUG    root            Executing command: ['/Users/dinhmai/Documents/google-cloud-sdk/bin/gsutil', 'config', '-n', '-o', '/Users/dinhmai/.boto']
2021-01-03 18:35:35,536 DEBUG    ___FILE_ONLY___ 
2021-01-03 18:35:35,537 DEBUG    ___FILE_ONLY___ This command will create a boto config file at /Users/dinhmai/.boto
containing your credentials, based on your responses to the following
questions.

Boto config file "/Users/dinhmai/.boto" created. If you need to use a
proxy to access the Internet please see the instructions in that file.

2021-01-03 18:35:35,537 INFO     ___FILE_ONLY___ Created a default .boto configuration file at [/Users/dinhmai/.boto]. See this file and
[https://cloud.google.com/storage/docs/gsutil/commands/config] for more
information about configuring Google Cloud Storage.

2021-01-03 18:35:35,537 INFO     ___FILE_ONLY___ Your Google Cloud SDK is configured and ready to use!


2021-01-03 18:35:35,538 INFO     ___FILE_ONLY___ * Commands that require authentication will use liugondar@gmail.com by default

2021-01-03 18:35:35,538 INFO     ___FILE_ONLY___ * Commands will reference project `bowie-272421` by default

2021-01-03 18:35:35,538 INFO     ___FILE_ONLY___ Run `gcloud help config` to learn how to change individual settings


2021-01-03 18:35:35,539 INFO     ___FILE_ONLY___ This gcloud configuration is called [default]. You can create additional configurations if you work with multiple accounts and/or projects.

2021-01-03 18:35:35,539 INFO     ___FILE_ONLY___ Run `gcloud topic configurations` to learn more.


2021-01-03 18:35:35,539 INFO     ___FILE_ONLY___ Some things to try next:


2021-01-03 18:35:35,539 INFO     ___FILE_ONLY___ * Run `gcloud --help` to see the Cloud Platform services you can interact with. And run `gcloud help COMMAND` to get help on any gcloud command.

2021-01-03 18:35:35,539 INFO     ___FILE_ONLY___ * Run `gcloud topic --help` to learn about advanced features of the SDK like arg files and output formatting

2021-01-03 18:35:35,541 INFO     root            Display format: "default"
